<?xml version="1.0" encoding="UTF-8"?>
<testng-results total="1" passed="1" failed="0" skipped="0">
  <reporter-output>
  </reporter-output>
  <suite started-at="2021-06-11T03:25:06Z" name="Default suite" finished-at="2021-06-11T03:27:39Z" duration-ms="153531">
    <groups>
    </groups>
    <test started-at="2021-06-11T03:25:06Z" name="Default test" finished-at="2021-06-11T03:27:39Z" duration-ms="153531">
      <class name="personalInfo.NewTest">
        <test-method is-config="true" signature="beforeSuite()[pri:0, instance:personalInfo.NewTest@4686afc2]" started-at="2021-06-10T23:25:05Z" name="beforeSuite" finished-at="2021-06-10T23:25:06Z" duration-ms="106" status="PASS">
          <reporter-output>
          </reporter-output>
        </test-method> <!-- beforeSuite -->
        <test-method is-config="true" signature="beforeTest()[pri:0, instance:personalInfo.NewTest@4686afc2]" started-at="2021-06-10T23:25:06Z" name="beforeTest" finished-at="2021-06-10T23:25:24Z" duration-ms="17994" status="PASS">
          <reporter-output>
          </reporter-output>
        </test-method> <!-- beforeTest -->
        <test-method is-config="true" signature="beforeClass()[pri:0, instance:personalInfo.NewTest@4686afc2]" started-at="2021-06-10T23:25:24Z" name="beforeClass" finished-at="2021-06-10T23:25:24Z" duration-ms="1" status="PASS">
          <reporter-output>
          </reporter-output>
        </test-method> <!-- beforeClass -->
        <test-method signature="f1()[pri:0, instance:personalInfo.NewTest@4686afc2]" started-at="2021-06-10T23:25:24Z" name="f1" finished-at="2021-06-10T23:26:38Z" duration-ms="73810" status="PASS">
          <reporter-output>
          </reporter-output>
        </test-method> <!-- f1 -->
        <test-method is-config="true" signature="afterClass()[pri:0, instance:personalInfo.NewTest@4686afc2]" started-at="2021-06-10T23:26:38Z" name="afterClass" finished-at="2021-06-10T23:26:38Z" duration-ms="2" status="PASS">
          <reporter-output>
          </reporter-output>
        </test-method> <!-- afterClass -->
        <test-method is-config="true" signature="afterTest()[pri:0, instance:personalInfo.NewTest@4686afc2]" started-at="2021-06-10T23:26:38Z" name="afterTest" finished-at="2021-06-10T23:27:39Z" duration-ms="61451" status="PASS">
          <reporter-output>
          </reporter-output>
        </test-method> <!-- afterTest -->
        <test-method is-config="true" signature="afterSuite()[pri:0, instance:personalInfo.NewTest@4686afc2]" started-at="2021-06-10T23:27:40Z" name="afterSuite" finished-at="2021-06-10T23:27:40Z" duration-ms="1" status="PASS">
          <reporter-output>
          </reporter-output>
        </test-method> <!-- afterSuite -->
      </class> <!-- personalInfo.NewTest -->
    </test> <!-- Default test -->
  </suite> <!-- Default suite -->
</testng-results>
